# JRE version: OpenJDK Runtime Environment (21.0.6) (build 21.0.6+-13368085-b895.109)
# Java VM: OpenJDK 64-Bit Server VM (21.0.6+-13368085-b895.109, mixed mode, tiered, compressed oops, compressed class ptrs, g1 gc, windows-amd64)
GC Precious Log:
 CardTable entry size: 512
 Card Set container configuration: InlinePtr #cards 5 size 8 Array Of Cards #cards 12 size 40 Howl #buckets 4 coarsen threshold 1843 Howl Bitmap #cards 512 size 80 coarsen threshold 460 Card regions per heap region 1 cards per card region 2048
 CPUs: 8 total, 8 available
 Memory: 12027M
 Large Page Support: Disabled
 NUMA Support: Disabled
 Compressed Oops: Enabled (32-bit)
 Heap Region Size: 1M
 Heap Min Capacity: 8M
 Heap Initial Capacity: 188M
 Heap Max Capacity: 2G
 Pre-touch: Disabled
 Parallel Workers: 8
 Concurrent Workers: 2
 Concurrent Refinement Workers: 8
 Periodic GC: Disabled
Heap:
 garbage-first heap   total 369664K, used 228877K [0x0000000080000000, 0x0000000100000000)
  region size 1024K, 84 young (86016K), 8 survivors (8192K)
 Metaspace       used 159356K, committed 161472K, reserved 1245184K
  class space    used 20572K, committed 22016K, reserved 1048576K
GC Heap History (20 events):
Event: 2752.609 GC heap before
{Heap before GC invocations=93 (full 0):
 garbage-first heap   total 369664K, used 305152K [0x0000000080000000, 0x0000000100000000)
  region size 1024K, 116 young (118784K), 22 survivors (22528K)
 Metaspace       used 155707K, committed 159936K, reserved 1245184K
  class space    used 20148K, committed 22016K, reserved 1048576K
}
Event: 2752.628 GC heap after
{Heap after GC invocations=94 (full 0):
 garbage-first heap   total 369664K, used 193512K [0x0000000080000000, 0x0000000100000000)
  region size 1024K, 13 young (13312K), 13 survivors (13312K)
 Metaspace       used 155707K, committed 159936K, reserved 1245184K
  class space    used 20148K, committed 22016K, reserved 1048576K
}
Event: 2753.474 GC heap before
{Heap before GC invocations=94 (full 0):
 garbage-first heap   total 369664K, used 289768K [0x0000000080000000, 0x0000000100000000)
  region size 1024K, 106 young (108544K), 13 survivors (13312K)
 Metaspace       used 155924K, committed 159936K, reserved 1245184K
  class space    used 20149K, committed 22016K, reserved 1048576K
}
Event: 2753.495 GC heap after
{Heap after GC invocations=95 (full 0):
 garbage-first heap   total 369664K, used 176065K [0x0000000080000000, 0x0000000100000000)
  region size 1024K, 9 young (9216K), 9 survivors (9216K)
 Metaspace       used 155924K, committed 159936K, reserved 1245184K
  class space    used 20149K, committed 22016K, reserved 1048576K
}
Event: 2754.019 GC heap before
{Heap before GC invocations=95 (full 0):
 garbage-first heap   total 369664K, used 268225K [0x0000000080000000, 0x0000000100000000)
  region size 1024K, 101 young (103424K), 9 survivors (9216K)
 Metaspace       used 156084K, committed 159936K, reserved 1245184K
  class space    used 20155K, committed 22016K, reserved 1048576K
}
Event: 2754.029 GC heap after
{Heap after GC invocations=96 (full 0):
 garbage-first heap   total 369664K, used 176710K [0x0000000080000000, 0x0000000100000000)
  region size 1024K, 4 young (4096K), 4 survivors (4096K)
 Metaspace       used 156084K, committed 159936K, reserved 1245184K
  class space    used 20155K, committed 22016K, reserved 1048576K
}
Event: 2892.769 GC heap before
{Heap before GC invocations=97 (full 0):
 garbage-first heap   total 369664K, used 291398K [0x0000000080000000, 0x0000000100000000)
  region size 1024K, 124 young (126976K), 4 survivors (4096K)
 Metaspace       used 156624K, committed 159936K, reserved 1245184K
  class space    used 20217K, committed 22016K, reserved 1048576K
}
Event: 2892.778 GC heap after
{Heap after GC invocations=98 (full 0):
 garbage-first heap   total 369664K, used 153875K [0x0000000080000000, 0x0000000100000000)
  region size 1024K, 8 young (8192K), 8 survivors (8192K)
 Metaspace       used 156624K, committed 159936K, reserved 1245184K
  class space    used 20217K, committed 22016K, reserved 1048576K
}
Event: 2897.349 GC heap before
{Heap before GC invocations=98 (full 0):
 garbage-first heap   total 369664K, used 299283K [0x0000000080000000, 0x0000000100000000)
  region size 1024K, 151 young (154624K), 8 survivors (8192K)
 Metaspace       used 158277K, committed 160512K, reserved 1245184K
  class space    used 20444K, committed 22016K, reserved 1048576K
}
Event: 2897.369 GC heap after
{Heap after GC invocations=99 (full 0):
 garbage-first heap   total 369664K, used 141993K [0x0000000080000000, 0x0000000100000000)
  region size 1024K, 17 young (17408K), 17 survivors (17408K)
 Metaspace       used 158277K, committed 160512K, reserved 1245184K
  class space    used 20444K, committed 22016K, reserved 1048576K
}
Event: 2898.331 GC heap before
{Heap before GC invocations=99 (full 0):
 garbage-first heap   total 369664K, used 257705K [0x0000000080000000, 0x0000000100000000)
  region size 1024K, 131 young (134144K), 17 survivors (17408K)
 Metaspace       used 158876K, committed 161024K, reserved 1245184K
  class space    used 20519K, committed 22016K, reserved 1048576K
}
Event: 2898.356 GC heap after
{Heap after GC invocations=100 (full 0):
 garbage-first heap   total 369664K, used 154946K [0x0000000080000000, 0x0000000100000000)
  region size 1024K, 22 young (22528K), 22 survivors (22528K)
 Metaspace       used 158876K, committed 161024K, reserved 1245184K
  class space    used 20519K, committed 22016K, reserved 1048576K
}
Event: 2899.863 GC heap before
{Heap before GC invocations=101 (full 0):
 garbage-first heap   total 369664K, used 309570K [0x0000000080000000, 0x0000000100000000)
  region size 1024K, 172 young (176128K), 22 survivors (22528K)
 Metaspace       used 158975K, committed 161088K, reserved 1245184K
  class space    used 20531K, committed 22016K, reserved 1048576K
}
Event: 2899.885 GC heap after
{Heap after GC invocations=102 (full 0):
 garbage-first heap   total 369664K, used 157696K [0x0000000080000000, 0x0000000100000000)
  region size 1024K, 6 young (6144K), 6 survivors (6144K)
 Metaspace       used 158975K, committed 161088K, reserved 1245184K
  class space    used 20531K, committed 22016K, reserved 1048576K
}
Event: 2902.128 GC heap before
{Heap before GC invocations=102 (full 0):
 garbage-first heap   total 369664K, used 316416K [0x0000000080000000, 0x0000000100000000)
  region size 1024K, 162 young (165888K), 6 survivors (6144K)
 Metaspace       used 159207K, committed 161344K, reserved 1245184K
  class space    used 20565K, committed 22016K, reserved 1048576K
}
Event: 2902.143 GC heap after
{Heap after GC invocations=103 (full 0):
 garbage-first heap   total 369664K, used 153143K [0x0000000080000000, 0x0000000100000000)
  region size 1024K, 8 young (8192K), 8 survivors (8192K)
 Metaspace       used 159207K, committed 161344K, reserved 1245184K
  class space    used 20565K, committed 22016K, reserved 1048576K
}
Event: 2902.938 GC heap before
{Heap before GC invocations=103 (full 0):
 garbage-first heap   total 369664K, used 322103K [0x0000000080000000, 0x0000000100000000)
  region size 1024K, 173 young (177152K), 8 survivors (8192K)
 Metaspace       used 159288K, committed 161408K, reserved 1245184K
  class space    used 20566K, committed 22016K, reserved 1048576K
}
Event: 2902.946 GC heap after
{Heap after GC invocations=104 (full 0):
 garbage-first heap   total 369664K, used 152441K [0x0000000080000000, 0x0000000100000000)
  region size 1024K, 7 young (7168K), 7 survivors (7168K)
 Metaspace       used 159288K, committed 161408K, reserved 1245184K
  class space    used 20566K, committed 22016K, reserved 1048576K
}
Event: 2903.853 GC heap before
{Heap before GC invocations=105 (full 0):
 garbage-first heap   total 369664K, used 330617K [0x0000000080000000, 0x0000000100000000)
  region size 1024K, 182 young (186368K), 7 survivors (7168K)
 Metaspace       used 159351K, committed 161472K, reserved 1245184K
  class space    used 20572K, committed 22016K, reserved 1048576K
}
Event: 2903.860 GC heap after
{Heap after GC invocations=106 (full 0):
 garbage-first heap   total 369664K, used 152077K [0x0000000080000000, 0x0000000100000000)
  region size 1024K, 8 young (8192K), 8 survivors (8192K)
 Metaspace       used 159351K, committed 161472K, reserved 1245184K
  class space    used 20572K, committed 22016K, reserved 1048576K
}

